10:16:46 debug: 2025/3/3上午10:16:46
10:16:46 debug: Project: /Users/lijian/Documents/Cocos-ScrollView
10:16:46 debug: Targets: editor,preview
10:16:46 debug: Incremental file seems great.
10:16:46 debug: Engine path: /Applications/Cocos/Creator/3.8.4/CocosCreator.app/Contents/Resources/resources/3d/engine
10:16:46 debug: Initializing target [Editor]
10:16:46 debug: Loading cache
10:16:46 debug: Loading cache costs 1.1613750457763672ms.
10:16:46 debug: Engine features shipped in editor: base,gfx-webgl,gfx-webgl2,gfx-empty,gfx-webgpu,3d,animation,skeletal-animation,2d,ui,particle,particle-2d,physics-framework,physics-2d-framework,physics-2d-box2d-wasm,intersection-2d,primitive,profiler,occlusion-query,geometry-renderer,debug-renderer,audio,video,xr,light-probe,terrain,webview,tween,tiled-map,spine,dragon-bones,marionette,procedural-animation,custom-pipeline,custom-pipeline-builtin-scripts,custom-pipeline-post-process,legacy-pipeline,websocket,websocket-server,meshopt
10:16:46 debug: Our import map(foo:/bar): {
  "imports": {
    "cc": "cce:/internal/x/cc"
  }
}
10:16:46 debug: Initializing target [Preview]
10:16:46 debug: Loading cache
10:16:46 debug: Loading cache costs 0.7507498264312744ms.
10:16:46 debug: Our import map(foo:/bar): {
  "imports": {
    "cc": "cce:/internal/x/cc"
  }
}
10:16:46 debug: Sync engine features: 2d,3d,animation,audio,base,custom-pipeline,dragon-bones,gfx-webgl,intersection-2d,light-probe,marionette,particle,particle-2d,physics-2d-box2d,physics-ammo,primitive,profiler,skeletal-animation,spine,terrain,tiled-map,tween,ui,video,websocket,webview
10:16:46 debug: Reset databases. Enumerated domains: [
  {
    "root": "db://internal/",
    "physical": "/Applications/Cocos/Creator/3.8.4/CocosCreator.app/Contents/Resources/resources/3d/engine/editor/assets"
  },
  {
    "root": "db://assets/",
    "physical": "/Users/lijian/Documents/Cocos-ScrollView/assets"
  }
]
10:16:46 debug: Our import map(foo:/bar): {
  "imports": {
    "cc": "cce:/internal/x/cc",
    "db://internal/": "file:///Applications/Cocos/Creator/3.8.4/CocosCreator.app/Contents/Resources/resources/3d/engine/editor/assets/",
    "db://assets/": "file:///Users/lijian/Documents/Cocos-ScrollView/assets/"
  }
}
10:16:46 debug: Our import map(foo:/bar): {
  "imports": {
    "cc": "cce:/internal/x/cc",
    "db://internal/": "file:///Applications/Cocos/Creator/3.8.4/CocosCreator.app/Contents/Resources/resources/3d/engine/editor/assets/",
    "db://assets/": "file:///Users/lijian/Documents/Cocos-ScrollView/assets/"
  }
}
10:16:46 debug: Pulling asset-db.
10:16:46 debug: Fetch asset-db cost: 2.1475830078125ms.
10:16:46 debug: Build iteration starts.
Number of accumulated asset changes: 6
Feature changed: false
10:16:46 debug: Target(editor) build started.
10:16:46 debug: Detected change: cce:/internal/x/cc. Last mtime: Thu Jan 01 1970 08:00:16 GMT+0800 (中国标准时间), Current mtime: Thu Jan 01 1970 08:00:07 GMT+0800 (中国标准时间)
10:16:46 debug: Inspect cce:/internal/x/cc
10:16:46 debug: Resolve cce:/internal/x/cc-fu/base from cce:/internal/x/cc as external dependency cce:/internal/x/cc-fu/base.
10:16:46 debug: Resolve cce:/internal/x/cc-fu/gfx-webgl from cce:/internal/x/cc as external dependency cce:/internal/x/cc-fu/gfx-webgl.
10:16:46 debug: Resolve cce:/internal/x/cc-fu/gfx-webgl2 from cce:/internal/x/cc as external dependency cce:/internal/x/cc-fu/gfx-webgl2.
10:16:46 debug: Resolve cce:/internal/x/cc-fu/gfx-empty from cce:/internal/x/cc as external dependency cce:/internal/x/cc-fu/gfx-empty.
10:16:46 debug: Resolve cce:/internal/x/cc-fu/gfx-webgpu from cce:/internal/x/cc as external dependency cce:/internal/x/cc-fu/gfx-webgpu.
10:16:46 debug: Resolve cce:/internal/x/cc-fu/3d from cce:/internal/x/cc as external dependency cce:/internal/x/cc-fu/3d.
10:16:46 debug: Resolve cce:/internal/x/cc-fu/animation from cce:/internal/x/cc as external dependency cce:/internal/x/cc-fu/animation.
10:16:46 debug: Resolve cce:/internal/x/cc-fu/skeletal-animation from cce:/internal/x/cc as external dependency cce:/internal/x/cc-fu/skeletal-animation.
10:16:46 debug: Resolve cce:/internal/x/cc-fu/2d from cce:/internal/x/cc as external dependency cce:/internal/x/cc-fu/2d.
10:16:46 debug: Resolve cce:/internal/x/cc-fu/sorting from cce:/internal/x/cc as external dependency cce:/internal/x/cc-fu/sorting.
10:16:46 debug: Resolve cce:/internal/x/cc-fu/ui from cce:/internal/x/cc as external dependency cce:/internal/x/cc-fu/ui.
10:16:46 debug: Resolve cce:/internal/x/cc-fu/particle from cce:/internal/x/cc as external dependency cce:/internal/x/cc-fu/particle.
10:16:46 debug: Resolve cce:/internal/x/cc-fu/particle-2d from cce:/internal/x/cc as external dependency cce:/internal/x/cc-fu/particle-2d.
10:16:46 debug: Resolve cce:/internal/x/cc-fu/physics-framework from cce:/internal/x/cc as external dependency cce:/internal/x/cc-fu/physics-framework.
10:16:46 debug: Resolve cce:/internal/x/cc-fu/physics-2d-framework from cce:/internal/x/cc as external dependency cce:/internal/x/cc-fu/physics-2d-framework.
10:16:46 debug: Resolve cce:/internal/x/cc-fu/physics-2d-box2d-wasm from cce:/internal/x/cc as external dependency cce:/internal/x/cc-fu/physics-2d-box2d-wasm.
10:16:46 debug: Resolve cce:/internal/x/cc-fu/intersection-2d from cce:/internal/x/cc as external dependency cce:/internal/x/cc-fu/intersection-2d.
10:16:46 debug: Resolve cce:/internal/x/cc-fu/primitive from cce:/internal/x/cc as external dependency cce:/internal/x/cc-fu/primitive.
10:16:46 debug: Resolve cce:/internal/x/cc-fu/profiler from cce:/internal/x/cc as external dependency cce:/internal/x/cc-fu/profiler.
10:16:46 debug: Resolve cce:/internal/x/cc-fu/geometry-renderer from cce:/internal/x/cc as external dependency cce:/internal/x/cc-fu/geometry-renderer.
10:16:46 debug: Resolve cce:/internal/x/cc-fu/audio from cce:/internal/x/cc as external dependency cce:/internal/x/cc-fu/audio.
10:16:46 debug: Resolve cce:/internal/x/cc-fu/video from cce:/internal/x/cc as external dependency cce:/internal/x/cc-fu/video.
10:16:46 debug: Resolve cce:/internal/x/cc-fu/xr from cce:/internal/x/cc as external dependency cce:/internal/x/cc-fu/xr.
10:16:46 debug: Resolve cce:/internal/x/cc-fu/light-probe from cce:/internal/x/cc as external dependency cce:/internal/x/cc-fu/light-probe.
10:16:46 debug: Resolve cce:/internal/x/cc-fu/terrain from cce:/internal/x/cc as external dependency cce:/internal/x/cc-fu/terrain.
10:16:46 debug: Resolve cce:/internal/x/cc-fu/webview from cce:/internal/x/cc as external dependency cce:/internal/x/cc-fu/webview.
10:16:46 debug: Resolve cce:/internal/x/cc-fu/tween from cce:/internal/x/cc as external dependency cce:/internal/x/cc-fu/tween.
10:16:46 debug: Resolve cce:/internal/x/cc-fu/tiled-map from cce:/internal/x/cc as external dependency cce:/internal/x/cc-fu/tiled-map.
10:16:46 debug: Resolve cce:/internal/x/cc-fu/spine from cce:/internal/x/cc as external dependency cce:/internal/x/cc-fu/spine.
10:16:46 debug: Resolve cce:/internal/x/cc-fu/dragon-bones from cce:/internal/x/cc as external dependency cce:/internal/x/cc-fu/dragon-bones.
10:16:46 debug: Resolve cce:/internal/x/cc-fu/custom-pipeline from cce:/internal/x/cc as external dependency cce:/internal/x/cc-fu/custom-pipeline.
10:16:46 debug: Resolve cce:/internal/x/cc-fu/custom-pipeline-post-process from cce:/internal/x/cc as external dependency cce:/internal/x/cc-fu/custom-pipeline-post-process.
10:16:46 debug: Resolve cce:/internal/x/cc-fu/legacy-pipeline from cce:/internal/x/cc as external dependency cce:/internal/x/cc-fu/legacy-pipeline.
10:16:46 debug: Detected change: cce:/internal/x/prerequisite-imports. Last mtime: Fri Jan 02 1970 05:13:42 GMT+0800 (中国标准时间), Current mtime: Thu Jan 01 1970 08:00:07 GMT+0800 (中国标准时间)
10:16:46 debug: Inspect cce:/internal/x/prerequisite-imports
10:16:46 debug: Resolve file:///Applications/Cocos/Creator/3.8.4/CocosCreator.app/Contents/Resources/resources/3d/engine/editor/assets/default_renderpipeline/builtin-pipeline-settings.ts from cce:/internal/x/prerequisite-imports as file:///Applications/Cocos/Creator/3.8.4/CocosCreator.app/Contents/Resources/resources/3d/engine/editor/assets/default_renderpipeline/builtin-pipeline-settings.ts.
10:16:46 debug: Resolve cce:/internal/code-quality/cr.mjs from file:///Applications/Cocos/Creator/3.8.4/CocosCreator.app/Contents/Resources/resources/3d/engine/editor/assets/default_renderpipeline/builtin-pipeline-settings.ts as cce:/internal/code-quality/cr.mjs.
10:16:46 debug: Detected change: cce:/internal/code-quality/cr.mjs. Last mtime: Tue Nov 26 2024 11:38:51 GMT+0800 (中国标准时间), Current mtime: Mon Mar 03 2025 10:16:38 GMT+0800 (中国标准时间)
10:16:46 debug: Inspect cce:/internal/code-quality/cr.mjs
10:16:46 debug: Resolve cc from file:///Applications/Cocos/Creator/3.8.4/CocosCreator.app/Contents/Resources/resources/3d/engine/editor/assets/default_renderpipeline/builtin-pipeline-settings.ts as cce:/internal/x/cc.
10:16:46 debug: Resolve cc from file:///Applications/Cocos/Creator/3.8.4/CocosCreator.app/Contents/Resources/resources/3d/engine/editor/assets/default_renderpipeline/builtin-pipeline-settings.ts as cce:/internal/x/cc.
10:16:46 debug: Resolve cc from file:///Applications/Cocos/Creator/3.8.4/CocosCreator.app/Contents/Resources/resources/3d/engine/editor/assets/default_renderpipeline/builtin-pipeline-settings.ts as cce:/internal/x/cc.
10:16:46 debug: Resolve cc/env from file:///Applications/Cocos/Creator/3.8.4/CocosCreator.app/Contents/Resources/resources/3d/engine/editor/assets/default_renderpipeline/builtin-pipeline-settings.ts as external dependency cc/env.
10:16:46 debug: Resolve ./builtin-pipeline-types from file:///Applications/Cocos/Creator/3.8.4/CocosCreator.app/Contents/Resources/resources/3d/engine/editor/assets/default_renderpipeline/builtin-pipeline-settings.ts as file:///Applications/Cocos/Creator/3.8.4/CocosCreator.app/Contents/Resources/resources/3d/engine/editor/assets/default_renderpipeline/builtin-pipeline-types.ts.
10:16:46 debug: Resolve cc from file:///Applications/Cocos/Creator/3.8.4/CocosCreator.app/Contents/Resources/resources/3d/engine/editor/assets/default_renderpipeline/builtin-pipeline-types.ts as cce:/internal/x/cc.
10:16:46 debug: Resolve cc from file:///Applications/Cocos/Creator/3.8.4/CocosCreator.app/Contents/Resources/resources/3d/engine/editor/assets/default_renderpipeline/builtin-pipeline-types.ts as cce:/internal/x/cc.
10:16:46 debug: Resolve cc from file:///Applications/Cocos/Creator/3.8.4/CocosCreator.app/Contents/Resources/resources/3d/engine/editor/assets/default_renderpipeline/builtin-pipeline-types.ts as cce:/internal/x/cc.
10:16:46 debug: Resolve file:///Applications/Cocos/Creator/3.8.4/CocosCreator.app/Contents/Resources/resources/3d/engine/editor/assets/default_renderpipeline/builtin-pipeline-types.ts from cce:/internal/x/prerequisite-imports as file:///Applications/Cocos/Creator/3.8.4/CocosCreator.app/Contents/Resources/resources/3d/engine/editor/assets/default_renderpipeline/builtin-pipeline-types.ts.
10:16:46 debug: Resolve file:///Applications/Cocos/Creator/3.8.4/CocosCreator.app/Contents/Resources/resources/3d/engine/editor/assets/default_renderpipeline/builtin-pipeline.ts from cce:/internal/x/prerequisite-imports as file:///Applications/Cocos/Creator/3.8.4/CocosCreator.app/Contents/Resources/resources/3d/engine/editor/assets/default_renderpipeline/builtin-pipeline.ts.
10:16:46 debug: Resolve cce:/internal/code-quality/cr.mjs from file:///Applications/Cocos/Creator/3.8.4/CocosCreator.app/Contents/Resources/resources/3d/engine/editor/assets/default_renderpipeline/builtin-pipeline.ts as cce:/internal/code-quality/cr.mjs.
10:16:46 debug: Resolve cc from file:///Applications/Cocos/Creator/3.8.4/CocosCreator.app/Contents/Resources/resources/3d/engine/editor/assets/default_renderpipeline/builtin-pipeline.ts as cce:/internal/x/cc.
10:16:46 debug: Resolve cc from file:///Applications/Cocos/Creator/3.8.4/CocosCreator.app/Contents/Resources/resources/3d/engine/editor/assets/default_renderpipeline/builtin-pipeline.ts as cce:/internal/x/cc.
10:16:46 debug: Resolve cc/env from file:///Applications/Cocos/Creator/3.8.4/CocosCreator.app/Contents/Resources/resources/3d/engine/editor/assets/default_renderpipeline/builtin-pipeline.ts as external dependency cc/env.
10:16:46 debug: Resolve cc from file:///Applications/Cocos/Creator/3.8.4/CocosCreator.app/Contents/Resources/resources/3d/engine/editor/assets/default_renderpipeline/builtin-pipeline.ts as cce:/internal/x/cc.
10:16:46 debug: Resolve ./builtin-pipeline-types from file:///Applications/Cocos/Creator/3.8.4/CocosCreator.app/Contents/Resources/resources/3d/engine/editor/assets/default_renderpipeline/builtin-pipeline.ts as file:///Applications/Cocos/Creator/3.8.4/CocosCreator.app/Contents/Resources/resources/3d/engine/editor/assets/default_renderpipeline/builtin-pipeline-types.ts.
10:16:46 debug: Resolve file:///Applications/Cocos/Creator/3.8.4/CocosCreator.app/Contents/Resources/resources/3d/engine/editor/assets/tools/debug-view-runtime-control.ts from cce:/internal/x/prerequisite-imports as file:///Applications/Cocos/Creator/3.8.4/CocosCreator.app/Contents/Resources/resources/3d/engine/editor/assets/tools/debug-view-runtime-control.ts.
10:16:46 debug: Resolve cc from file:///Applications/Cocos/Creator/3.8.4/CocosCreator.app/Contents/Resources/resources/3d/engine/editor/assets/tools/debug-view-runtime-control.ts as cce:/internal/x/cc.
10:16:46 debug: Resolve cc from file:///Applications/Cocos/Creator/3.8.4/CocosCreator.app/Contents/Resources/resources/3d/engine/editor/assets/tools/debug-view-runtime-control.ts as cce:/internal/x/cc.
10:16:46 debug: Resolve cc from file:///Applications/Cocos/Creator/3.8.4/CocosCreator.app/Contents/Resources/resources/3d/engine/editor/assets/tools/debug-view-runtime-control.ts as cce:/internal/x/cc.
10:16:46 debug: Resolve file:///Users/lijian/Documents/Cocos-ScrollView/assets/scripts/ScrollItem.ts from cce:/internal/x/prerequisite-imports as file:///Users/lijian/Documents/Cocos-ScrollView/assets/scripts/ScrollItem.ts.
10:16:46 debug: Resolve cc from file:///Users/lijian/Documents/Cocos-ScrollView/assets/scripts/ScrollItem.ts as cce:/internal/x/cc.
10:16:46 debug: Resolve cc from file:///Users/lijian/Documents/Cocos-ScrollView/assets/scripts/ScrollItem.ts as cce:/internal/x/cc.
10:16:46 debug: Resolve cc from file:///Users/lijian/Documents/Cocos-ScrollView/assets/scripts/ScrollItem.ts as cce:/internal/x/cc.
10:16:46 debug: Resolve file:///Users/lijian/Documents/Cocos-ScrollView/assets/scripts/ScrollView.ts from cce:/internal/x/prerequisite-imports as file:///Users/lijian/Documents/Cocos-ScrollView/assets/scripts/ScrollView.ts.
10:16:46 debug: Resolve cce:/internal/code-quality/cr.mjs from file:///Users/lijian/Documents/Cocos-ScrollView/assets/scripts/ScrollView.ts as cce:/internal/code-quality/cr.mjs.
10:16:46 debug: Resolve cc from file:///Users/lijian/Documents/Cocos-ScrollView/assets/scripts/ScrollView.ts as cce:/internal/x/cc.
10:16:46 debug: Resolve cc from file:///Users/lijian/Documents/Cocos-ScrollView/assets/scripts/ScrollView.ts as cce:/internal/x/cc.
10:16:46 debug: Resolve cc from file:///Users/lijian/Documents/Cocos-ScrollView/assets/scripts/ScrollView.ts as cce:/internal/x/cc.
10:16:46 debug: Resolve ./ScrollItem from file:///Users/lijian/Documents/Cocos-ScrollView/assets/scripts/ScrollView.ts as file:///Users/lijian/Documents/Cocos-ScrollView/assets/scripts/ScrollItem.ts.
10:16:46 debug: Target(editor) ends with cost 74.40200018882751ms.
10:16:46 debug: Target(preview) build started.
10:16:46 debug: Detected change: cce:/internal/x/cc. Last mtime: Thu Jan 01 1970 08:00:16 GMT+0800 (中国标准时间), Current mtime: Thu Jan 01 1970 08:00:07 GMT+0800 (中国标准时间)
10:16:46 debug: Inspect cce:/internal/x/cc
10:16:46 debug: Resolve cce:/internal/x/cc-fu/2d from cce:/internal/x/cc as external dependency cce:/internal/x/cc-fu/2d.
10:16:46 debug: Resolve cce:/internal/x/cc-fu/sorting from cce:/internal/x/cc as external dependency cce:/internal/x/cc-fu/sorting.
10:16:46 debug: Resolve cce:/internal/x/cc-fu/3d from cce:/internal/x/cc as external dependency cce:/internal/x/cc-fu/3d.
10:16:46 debug: Resolve cce:/internal/x/cc-fu/animation from cce:/internal/x/cc as external dependency cce:/internal/x/cc-fu/animation.
10:16:46 debug: Resolve cce:/internal/x/cc-fu/audio from cce:/internal/x/cc as external dependency cce:/internal/x/cc-fu/audio.
10:16:46 debug: Resolve cce:/internal/x/cc-fu/base from cce:/internal/x/cc as external dependency cce:/internal/x/cc-fu/base.
10:16:46 debug: Resolve cce:/internal/x/cc-fu/custom-pipeline from cce:/internal/x/cc as external dependency cce:/internal/x/cc-fu/custom-pipeline.
10:16:46 debug: Resolve cce:/internal/x/cc-fu/dragon-bones from cce:/internal/x/cc as external dependency cce:/internal/x/cc-fu/dragon-bones.
10:16:46 debug: Resolve cce:/internal/x/cc-fu/gfx-webgl from cce:/internal/x/cc as external dependency cce:/internal/x/cc-fu/gfx-webgl.
10:16:46 debug: Resolve cce:/internal/x/cc-fu/intersection-2d from cce:/internal/x/cc as external dependency cce:/internal/x/cc-fu/intersection-2d.
10:16:46 debug: Resolve cce:/internal/x/cc-fu/light-probe from cce:/internal/x/cc as external dependency cce:/internal/x/cc-fu/light-probe.
10:16:46 debug: Resolve cce:/internal/x/cc-fu/particle from cce:/internal/x/cc as external dependency cce:/internal/x/cc-fu/particle.
10:16:46 debug: Resolve cce:/internal/x/cc-fu/particle-2d from cce:/internal/x/cc as external dependency cce:/internal/x/cc-fu/particle-2d.
10:16:46 debug: Resolve cce:/internal/x/cc-fu/physics-2d-box2d from cce:/internal/x/cc as external dependency cce:/internal/x/cc-fu/physics-2d-box2d.
10:16:46 debug: Resolve cce:/internal/x/cc-fu/physics-2d-framework from cce:/internal/x/cc as external dependency cce:/internal/x/cc-fu/physics-2d-framework.
10:16:46 debug: Resolve cce:/internal/x/cc-fu/physics-ammo from cce:/internal/x/cc as external dependency cce:/internal/x/cc-fu/physics-ammo.
10:16:46 debug: Resolve cce:/internal/x/cc-fu/physics-framework from cce:/internal/x/cc as external dependency cce:/internal/x/cc-fu/physics-framework.
10:16:46 debug: Resolve cce:/internal/x/cc-fu/wait-for-ammo-instantiation from cce:/internal/x/cc as external dependency cce:/internal/x/cc-fu/wait-for-ammo-instantiation.
10:16:46 debug: Resolve cce:/internal/x/cc-fu/primitive from cce:/internal/x/cc as external dependency cce:/internal/x/cc-fu/primitive.
10:16:46 debug: Resolve cce:/internal/x/cc-fu/profiler from cce:/internal/x/cc as external dependency cce:/internal/x/cc-fu/profiler.
10:16:46 debug: Resolve cce:/internal/x/cc-fu/skeletal-animation from cce:/internal/x/cc as external dependency cce:/internal/x/cc-fu/skeletal-animation.
10:16:46 debug: Resolve cce:/internal/x/cc-fu/spine from cce:/internal/x/cc as external dependency cce:/internal/x/cc-fu/spine.
10:16:46 debug: Resolve cce:/internal/x/cc-fu/terrain from cce:/internal/x/cc as external dependency cce:/internal/x/cc-fu/terrain.
10:16:46 debug: Resolve cce:/internal/x/cc-fu/tiled-map from cce:/internal/x/cc as external dependency cce:/internal/x/cc-fu/tiled-map.
10:16:46 debug: Resolve cce:/internal/x/cc-fu/tween from cce:/internal/x/cc as external dependency cce:/internal/x/cc-fu/tween.
10:16:46 debug: Resolve cce:/internal/x/cc-fu/ui from cce:/internal/x/cc as external dependency cce:/internal/x/cc-fu/ui.
10:16:46 debug: Resolve cce:/internal/x/cc-fu/video from cce:/internal/x/cc as external dependency cce:/internal/x/cc-fu/video.
10:16:46 debug: Resolve cce:/internal/x/cc-fu/webview from cce:/internal/x/cc as external dependency cce:/internal/x/cc-fu/webview.
10:16:46 debug: Detected change: cce:/internal/x/prerequisite-imports. Last mtime: Fri Jan 02 1970 05:13:42 GMT+0800 (中国标准时间), Current mtime: Thu Jan 01 1970 08:00:07 GMT+0800 (中国标准时间)
10:16:46 debug: Inspect cce:/internal/x/prerequisite-imports
10:16:46 debug: Resolve file:///Applications/Cocos/Creator/3.8.4/CocosCreator.app/Contents/Resources/resources/3d/engine/editor/assets/default_renderpipeline/builtin-pipeline-settings.ts from cce:/internal/x/prerequisite-imports as file:///Applications/Cocos/Creator/3.8.4/CocosCreator.app/Contents/Resources/resources/3d/engine/editor/assets/default_renderpipeline/builtin-pipeline-settings.ts.
10:16:46 debug: Resolve cce:/internal/code-quality/cr.mjs from file:///Applications/Cocos/Creator/3.8.4/CocosCreator.app/Contents/Resources/resources/3d/engine/editor/assets/default_renderpipeline/builtin-pipeline-settings.ts as cce:/internal/code-quality/cr.mjs.
10:16:46 debug: Detected change: cce:/internal/code-quality/cr.mjs. Last mtime: Tue Nov 26 2024 11:38:51 GMT+0800 (中国标准时间), Current mtime: Mon Mar 03 2025 10:16:38 GMT+0800 (中国标准时间)
10:16:46 debug: Inspect cce:/internal/code-quality/cr.mjs
10:16:46 debug: Resolve cc from file:///Applications/Cocos/Creator/3.8.4/CocosCreator.app/Contents/Resources/resources/3d/engine/editor/assets/default_renderpipeline/builtin-pipeline-settings.ts as cce:/internal/x/cc.
10:16:46 debug: Resolve cc from file:///Applications/Cocos/Creator/3.8.4/CocosCreator.app/Contents/Resources/resources/3d/engine/editor/assets/default_renderpipeline/builtin-pipeline-settings.ts as cce:/internal/x/cc.
10:16:46 debug: Resolve cc from file:///Applications/Cocos/Creator/3.8.4/CocosCreator.app/Contents/Resources/resources/3d/engine/editor/assets/default_renderpipeline/builtin-pipeline-settings.ts as cce:/internal/x/cc.
10:16:46 debug: Resolve cc/env from file:///Applications/Cocos/Creator/3.8.4/CocosCreator.app/Contents/Resources/resources/3d/engine/editor/assets/default_renderpipeline/builtin-pipeline-settings.ts as external dependency cc/env.
10:16:46 debug: Resolve ./builtin-pipeline-types from file:///Applications/Cocos/Creator/3.8.4/CocosCreator.app/Contents/Resources/resources/3d/engine/editor/assets/default_renderpipeline/builtin-pipeline-settings.ts as file:///Applications/Cocos/Creator/3.8.4/CocosCreator.app/Contents/Resources/resources/3d/engine/editor/assets/default_renderpipeline/builtin-pipeline-types.ts.
10:16:46 debug: Resolve cc from file:///Applications/Cocos/Creator/3.8.4/CocosCreator.app/Contents/Resources/resources/3d/engine/editor/assets/default_renderpipeline/builtin-pipeline-types.ts as cce:/internal/x/cc.
10:16:46 debug: Resolve cc from file:///Applications/Cocos/Creator/3.8.4/CocosCreator.app/Contents/Resources/resources/3d/engine/editor/assets/default_renderpipeline/builtin-pipeline-types.ts as cce:/internal/x/cc.
10:16:46 debug: Resolve cc from file:///Applications/Cocos/Creator/3.8.4/CocosCreator.app/Contents/Resources/resources/3d/engine/editor/assets/default_renderpipeline/builtin-pipeline-types.ts as cce:/internal/x/cc.
10:16:46 debug: Resolve file:///Applications/Cocos/Creator/3.8.4/CocosCreator.app/Contents/Resources/resources/3d/engine/editor/assets/default_renderpipeline/builtin-pipeline-types.ts from cce:/internal/x/prerequisite-imports as file:///Applications/Cocos/Creator/3.8.4/CocosCreator.app/Contents/Resources/resources/3d/engine/editor/assets/default_renderpipeline/builtin-pipeline-types.ts.
10:16:46 debug: Resolve file:///Applications/Cocos/Creator/3.8.4/CocosCreator.app/Contents/Resources/resources/3d/engine/editor/assets/default_renderpipeline/builtin-pipeline.ts from cce:/internal/x/prerequisite-imports as file:///Applications/Cocos/Creator/3.8.4/CocosCreator.app/Contents/Resources/resources/3d/engine/editor/assets/default_renderpipeline/builtin-pipeline.ts.
10:16:46 debug: Resolve cce:/internal/code-quality/cr.mjs from file:///Applications/Cocos/Creator/3.8.4/CocosCreator.app/Contents/Resources/resources/3d/engine/editor/assets/default_renderpipeline/builtin-pipeline.ts as cce:/internal/code-quality/cr.mjs.
10:16:46 debug: Resolve cc from file:///Applications/Cocos/Creator/3.8.4/CocosCreator.app/Contents/Resources/resources/3d/engine/editor/assets/default_renderpipeline/builtin-pipeline.ts as cce:/internal/x/cc.
10:16:46 debug: Resolve cc from file:///Applications/Cocos/Creator/3.8.4/CocosCreator.app/Contents/Resources/resources/3d/engine/editor/assets/default_renderpipeline/builtin-pipeline.ts as cce:/internal/x/cc.
10:16:46 debug: Resolve cc/env from file:///Applications/Cocos/Creator/3.8.4/CocosCreator.app/Contents/Resources/resources/3d/engine/editor/assets/default_renderpipeline/builtin-pipeline.ts as external dependency cc/env.
10:16:46 debug: Resolve cc from file:///Applications/Cocos/Creator/3.8.4/CocosCreator.app/Contents/Resources/resources/3d/engine/editor/assets/default_renderpipeline/builtin-pipeline.ts as cce:/internal/x/cc.
10:16:46 debug: Resolve ./builtin-pipeline-types from file:///Applications/Cocos/Creator/3.8.4/CocosCreator.app/Contents/Resources/resources/3d/engine/editor/assets/default_renderpipeline/builtin-pipeline.ts as file:///Applications/Cocos/Creator/3.8.4/CocosCreator.app/Contents/Resources/resources/3d/engine/editor/assets/default_renderpipeline/builtin-pipeline-types.ts.
10:16:46 debug: Resolve file:///Applications/Cocos/Creator/3.8.4/CocosCreator.app/Contents/Resources/resources/3d/engine/editor/assets/tools/debug-view-runtime-control.ts from cce:/internal/x/prerequisite-imports as file:///Applications/Cocos/Creator/3.8.4/CocosCreator.app/Contents/Resources/resources/3d/engine/editor/assets/tools/debug-view-runtime-control.ts.
10:16:46 debug: Resolve cc from file:///Applications/Cocos/Creator/3.8.4/CocosCreator.app/Contents/Resources/resources/3d/engine/editor/assets/tools/debug-view-runtime-control.ts as cce:/internal/x/cc.
10:16:46 debug: Resolve cc from file:///Applications/Cocos/Creator/3.8.4/CocosCreator.app/Contents/Resources/resources/3d/engine/editor/assets/tools/debug-view-runtime-control.ts as cce:/internal/x/cc.
10:16:46 debug: Resolve cc from file:///Applications/Cocos/Creator/3.8.4/CocosCreator.app/Contents/Resources/resources/3d/engine/editor/assets/tools/debug-view-runtime-control.ts as cce:/internal/x/cc.
10:16:46 debug: Resolve file:///Users/lijian/Documents/Cocos-ScrollView/assets/scripts/ScrollItem.ts from cce:/internal/x/prerequisite-imports as file:///Users/lijian/Documents/Cocos-ScrollView/assets/scripts/ScrollItem.ts.
10:16:46 debug: Resolve cc from file:///Users/lijian/Documents/Cocos-ScrollView/assets/scripts/ScrollItem.ts as cce:/internal/x/cc.
10:16:46 debug: Resolve cc from file:///Users/lijian/Documents/Cocos-ScrollView/assets/scripts/ScrollItem.ts as cce:/internal/x/cc.
10:16:46 debug: Resolve cc from file:///Users/lijian/Documents/Cocos-ScrollView/assets/scripts/ScrollItem.ts as cce:/internal/x/cc.
10:16:46 debug: Resolve file:///Users/lijian/Documents/Cocos-ScrollView/assets/scripts/ScrollView.ts from cce:/internal/x/prerequisite-imports as file:///Users/lijian/Documents/Cocos-ScrollView/assets/scripts/ScrollView.ts.
10:16:46 debug: Resolve cce:/internal/code-quality/cr.mjs from file:///Users/lijian/Documents/Cocos-ScrollView/assets/scripts/ScrollView.ts as cce:/internal/code-quality/cr.mjs.
10:16:46 debug: Resolve cc from file:///Users/lijian/Documents/Cocos-ScrollView/assets/scripts/ScrollView.ts as cce:/internal/x/cc.
10:16:46 debug: Resolve cc from file:///Users/lijian/Documents/Cocos-ScrollView/assets/scripts/ScrollView.ts as cce:/internal/x/cc.
10:16:46 debug: Resolve cc from file:///Users/lijian/Documents/Cocos-ScrollView/assets/scripts/ScrollView.ts as cce:/internal/x/cc.
10:16:46 debug: Resolve ./ScrollItem from file:///Users/lijian/Documents/Cocos-ScrollView/assets/scripts/ScrollView.ts as file:///Users/lijian/Documents/Cocos-ScrollView/assets/scripts/ScrollItem.ts.
10:16:46 debug: Target(preview) ends with cost 67.63687491416931ms.
10:16:47 debug: Pulling asset-db.
10:16:47 debug: Fetch asset-db cost: 363.8517920970917ms.
10:16:47 debug: Build iteration starts.
Number of accumulated asset changes: 6
Feature changed: false
10:16:47 debug: Target(editor) build started.
10:16:47 debug: Detected change: cce:/internal/x/prerequisite-imports. Last mtime: Thu Jan 01 1970 08:00:07 GMT+0800 (中国标准时间), Current mtime: Thu Jan 01 1970 08:00:08 GMT+0800 (中国标准时间)
10:16:47 debug: Inspect cce:/internal/x/prerequisite-imports
10:16:47 debug: Resolve file:///Applications/Cocos/Creator/3.8.4/CocosCreator.app/Contents/Resources/resources/3d/engine/editor/assets/default_renderpipeline/builtin-pipeline-settings.ts from cce:/internal/x/prerequisite-imports as file:///Applications/Cocos/Creator/3.8.4/CocosCreator.app/Contents/Resources/resources/3d/engine/editor/assets/default_renderpipeline/builtin-pipeline-settings.ts.
10:16:47 debug: Resolve file:///Applications/Cocos/Creator/3.8.4/CocosCreator.app/Contents/Resources/resources/3d/engine/editor/assets/default_renderpipeline/builtin-pipeline-types.ts from cce:/internal/x/prerequisite-imports as file:///Applications/Cocos/Creator/3.8.4/CocosCreator.app/Contents/Resources/resources/3d/engine/editor/assets/default_renderpipeline/builtin-pipeline-types.ts.
10:16:47 debug: Resolve file:///Applications/Cocos/Creator/3.8.4/CocosCreator.app/Contents/Resources/resources/3d/engine/editor/assets/default_renderpipeline/builtin-pipeline.ts from cce:/internal/x/prerequisite-imports as file:///Applications/Cocos/Creator/3.8.4/CocosCreator.app/Contents/Resources/resources/3d/engine/editor/assets/default_renderpipeline/builtin-pipeline.ts.
10:16:47 debug: Resolve file:///Applications/Cocos/Creator/3.8.4/CocosCreator.app/Contents/Resources/resources/3d/engine/editor/assets/tools/debug-view-runtime-control.ts from cce:/internal/x/prerequisite-imports as file:///Applications/Cocos/Creator/3.8.4/CocosCreator.app/Contents/Resources/resources/3d/engine/editor/assets/tools/debug-view-runtime-control.ts.
10:16:47 debug: Resolve file:///Users/lijian/Documents/Cocos-ScrollView/assets/scripts/ScrollItem.ts from cce:/internal/x/prerequisite-imports as file:///Users/lijian/Documents/Cocos-ScrollView/assets/scripts/ScrollItem.ts.
10:16:47 debug: Resolve file:///Users/lijian/Documents/Cocos-ScrollView/assets/scripts/ScrollView.ts from cce:/internal/x/prerequisite-imports as file:///Users/lijian/Documents/Cocos-ScrollView/assets/scripts/ScrollView.ts.
10:16:47 debug: Target(editor) ends with cost 31.28737497329712ms.
10:16:47 debug: Target(preview) build started.
10:16:47 debug: Detected change: cce:/internal/x/prerequisite-imports. Last mtime: Thu Jan 01 1970 08:00:07 GMT+0800 (中国标准时间), Current mtime: Thu Jan 01 1970 08:00:08 GMT+0800 (中国标准时间)
10:16:47 debug: Inspect cce:/internal/x/prerequisite-imports
10:16:47 debug: Resolve file:///Applications/Cocos/Creator/3.8.4/CocosCreator.app/Contents/Resources/resources/3d/engine/editor/assets/default_renderpipeline/builtin-pipeline-settings.ts from cce:/internal/x/prerequisite-imports as file:///Applications/Cocos/Creator/3.8.4/CocosCreator.app/Contents/Resources/resources/3d/engine/editor/assets/default_renderpipeline/builtin-pipeline-settings.ts.
10:16:47 debug: Resolve file:///Applications/Cocos/Creator/3.8.4/CocosCreator.app/Contents/Resources/resources/3d/engine/editor/assets/default_renderpipeline/builtin-pipeline-types.ts from cce:/internal/x/prerequisite-imports as file:///Applications/Cocos/Creator/3.8.4/CocosCreator.app/Contents/Resources/resources/3d/engine/editor/assets/default_renderpipeline/builtin-pipeline-types.ts.
10:16:47 debug: Resolve file:///Applications/Cocos/Creator/3.8.4/CocosCreator.app/Contents/Resources/resources/3d/engine/editor/assets/default_renderpipeline/builtin-pipeline.ts from cce:/internal/x/prerequisite-imports as file:///Applications/Cocos/Creator/3.8.4/CocosCreator.app/Contents/Resources/resources/3d/engine/editor/assets/default_renderpipeline/builtin-pipeline.ts.
10:16:47 debug: Resolve file:///Applications/Cocos/Creator/3.8.4/CocosCreator.app/Contents/Resources/resources/3d/engine/editor/assets/tools/debug-view-runtime-control.ts from cce:/internal/x/prerequisite-imports as file:///Applications/Cocos/Creator/3.8.4/CocosCreator.app/Contents/Resources/resources/3d/engine/editor/assets/tools/debug-view-runtime-control.ts.
10:16:47 debug: Resolve file:///Users/lijian/Documents/Cocos-ScrollView/assets/scripts/ScrollItem.ts from cce:/internal/x/prerequisite-imports as file:///Users/lijian/Documents/Cocos-ScrollView/assets/scripts/ScrollItem.ts.
10:16:47 debug: Resolve file:///Users/lijian/Documents/Cocos-ScrollView/assets/scripts/ScrollView.ts from cce:/internal/x/prerequisite-imports as file:///Users/lijian/Documents/Cocos-ScrollView/assets/scripts/ScrollView.ts.
10:16:47 debug: Target(preview) ends with cost 18.96833300590515ms.
10:19:46 debug: Dispatch build request for time accumulated 1 asset changes.
10:19:46 debug: Build iteration starts.
Number of accumulated asset changes: 1
Feature changed: false
10:19:46 debug: Target(editor) build started.
10:19:46 debug: Detected change: cce:/internal/x/prerequisite-imports. Last mtime: Thu Jan 01 1970 08:00:08 GMT+0800 (中国标准时间), Current mtime: Thu Jan 01 1970 08:03:07 GMT+0800 (中国标准时间)
10:19:46 debug: Inspect cce:/internal/x/prerequisite-imports
10:19:46 debug: Resolve file:///Applications/Cocos/Creator/3.8.4/CocosCreator.app/Contents/Resources/resources/3d/engine/editor/assets/default_renderpipeline/builtin-pipeline-settings.ts from cce:/internal/x/prerequisite-imports as file:///Applications/Cocos/Creator/3.8.4/CocosCreator.app/Contents/Resources/resources/3d/engine/editor/assets/default_renderpipeline/builtin-pipeline-settings.ts.
10:19:46 debug: Resolve file:///Applications/Cocos/Creator/3.8.4/CocosCreator.app/Contents/Resources/resources/3d/engine/editor/assets/default_renderpipeline/builtin-pipeline-types.ts from cce:/internal/x/prerequisite-imports as file:///Applications/Cocos/Creator/3.8.4/CocosCreator.app/Contents/Resources/resources/3d/engine/editor/assets/default_renderpipeline/builtin-pipeline-types.ts.
10:19:46 debug: Resolve file:///Applications/Cocos/Creator/3.8.4/CocosCreator.app/Contents/Resources/resources/3d/engine/editor/assets/default_renderpipeline/builtin-pipeline.ts from cce:/internal/x/prerequisite-imports as file:///Applications/Cocos/Creator/3.8.4/CocosCreator.app/Contents/Resources/resources/3d/engine/editor/assets/default_renderpipeline/builtin-pipeline.ts.
10:19:46 debug: Resolve file:///Applications/Cocos/Creator/3.8.4/CocosCreator.app/Contents/Resources/resources/3d/engine/editor/assets/tools/debug-view-runtime-control.ts from cce:/internal/x/prerequisite-imports as file:///Applications/Cocos/Creator/3.8.4/CocosCreator.app/Contents/Resources/resources/3d/engine/editor/assets/tools/debug-view-runtime-control.ts.
10:19:46 debug: Resolve file:///Users/lijian/Documents/Cocos-ScrollView/assets/scripts/ScrollItem.ts from cce:/internal/x/prerequisite-imports as file:///Users/lijian/Documents/Cocos-ScrollView/assets/scripts/ScrollItem.ts.
10:19:46 debug: Resolve file:///Users/lijian/Documents/Cocos-ScrollView/assets/scripts/ScrollView.ts from cce:/internal/x/prerequisite-imports as file:///Users/lijian/Documents/Cocos-ScrollView/assets/scripts/ScrollView.ts.
10:19:46 debug: Resolve file:///Users/lijian/Documents/Cocos-ScrollView/assets/scripts/scrollNew/ScrollHelper.ts from cce:/internal/x/prerequisite-imports as file:///Users/lijian/Documents/Cocos-ScrollView/assets/scripts/scrollNew/ScrollHelper.ts.
10:19:46 debug: Inspect file:///Users/lijian/Documents/Cocos-ScrollView/assets/scripts/scrollNew/ScrollHelper.ts
10:19:46 debug: Resolve cc from file:///Users/lijian/Documents/Cocos-ScrollView/assets/scripts/scrollNew/ScrollHelper.ts as cce:/internal/x/cc.
10:19:46 debug: Target(editor) ends with cost 155.58675003051758ms.
10:19:46 debug: Target(preview) build started.
10:19:46 debug: Detected change: cce:/internal/x/prerequisite-imports. Last mtime: Thu Jan 01 1970 08:00:08 GMT+0800 (中国标准时间), Current mtime: Thu Jan 01 1970 08:03:07 GMT+0800 (中国标准时间)
10:19:46 debug: Inspect cce:/internal/x/prerequisite-imports
10:19:46 debug: Resolve file:///Applications/Cocos/Creator/3.8.4/CocosCreator.app/Contents/Resources/resources/3d/engine/editor/assets/default_renderpipeline/builtin-pipeline-settings.ts from cce:/internal/x/prerequisite-imports as file:///Applications/Cocos/Creator/3.8.4/CocosCreator.app/Contents/Resources/resources/3d/engine/editor/assets/default_renderpipeline/builtin-pipeline-settings.ts.
10:19:46 debug: Resolve file:///Applications/Cocos/Creator/3.8.4/CocosCreator.app/Contents/Resources/resources/3d/engine/editor/assets/default_renderpipeline/builtin-pipeline-types.ts from cce:/internal/x/prerequisite-imports as file:///Applications/Cocos/Creator/3.8.4/CocosCreator.app/Contents/Resources/resources/3d/engine/editor/assets/default_renderpipeline/builtin-pipeline-types.ts.
10:19:46 debug: Resolve file:///Applications/Cocos/Creator/3.8.4/CocosCreator.app/Contents/Resources/resources/3d/engine/editor/assets/default_renderpipeline/builtin-pipeline.ts from cce:/internal/x/prerequisite-imports as file:///Applications/Cocos/Creator/3.8.4/CocosCreator.app/Contents/Resources/resources/3d/engine/editor/assets/default_renderpipeline/builtin-pipeline.ts.
10:19:46 debug: Resolve file:///Applications/Cocos/Creator/3.8.4/CocosCreator.app/Contents/Resources/resources/3d/engine/editor/assets/tools/debug-view-runtime-control.ts from cce:/internal/x/prerequisite-imports as file:///Applications/Cocos/Creator/3.8.4/CocosCreator.app/Contents/Resources/resources/3d/engine/editor/assets/tools/debug-view-runtime-control.ts.
10:19:46 debug: Resolve file:///Users/lijian/Documents/Cocos-ScrollView/assets/scripts/ScrollItem.ts from cce:/internal/x/prerequisite-imports as file:///Users/lijian/Documents/Cocos-ScrollView/assets/scripts/ScrollItem.ts.
10:19:46 debug: Resolve file:///Users/lijian/Documents/Cocos-ScrollView/assets/scripts/ScrollView.ts from cce:/internal/x/prerequisite-imports as file:///Users/lijian/Documents/Cocos-ScrollView/assets/scripts/ScrollView.ts.
10:19:46 debug: Resolve file:///Users/lijian/Documents/Cocos-ScrollView/assets/scripts/scrollNew/ScrollHelper.ts from cce:/internal/x/prerequisite-imports as file:///Users/lijian/Documents/Cocos-ScrollView/assets/scripts/scrollNew/ScrollHelper.ts.
10:19:46 debug: Inspect file:///Users/lijian/Documents/Cocos-ScrollView/assets/scripts/scrollNew/ScrollHelper.ts
10:19:46 debug: Resolve cc from file:///Users/lijian/Documents/Cocos-ScrollView/assets/scripts/scrollNew/ScrollHelper.ts as cce:/internal/x/cc.
10:19:46 debug: Target(preview) ends with cost 118.84654188156128ms.
10:31:39 debug: Dispatch build request for time accumulated 1 asset changes.
10:31:39 debug: Build iteration starts.
Number of accumulated asset changes: 1
Feature changed: false
10:31:39 debug: Target(editor) build started.
10:31:39 debug: Detected change: cce:/internal/x/prerequisite-imports. Last mtime: Thu Jan 01 1970 08:03:07 GMT+0800 (中国标准时间), Current mtime: Thu Jan 01 1970 08:15:00 GMT+0800 (中国标准时间)
10:31:39 debug: Inspect cce:/internal/x/prerequisite-imports
10:31:39 debug: Resolve file:///Applications/Cocos/Creator/3.8.4/CocosCreator.app/Contents/Resources/resources/3d/engine/editor/assets/default_renderpipeline/builtin-pipeline-settings.ts from cce:/internal/x/prerequisite-imports as file:///Applications/Cocos/Creator/3.8.4/CocosCreator.app/Contents/Resources/resources/3d/engine/editor/assets/default_renderpipeline/builtin-pipeline-settings.ts.
10:31:39 debug: Resolve file:///Applications/Cocos/Creator/3.8.4/CocosCreator.app/Contents/Resources/resources/3d/engine/editor/assets/default_renderpipeline/builtin-pipeline-types.ts from cce:/internal/x/prerequisite-imports as file:///Applications/Cocos/Creator/3.8.4/CocosCreator.app/Contents/Resources/resources/3d/engine/editor/assets/default_renderpipeline/builtin-pipeline-types.ts.
10:31:39 debug: Resolve file:///Applications/Cocos/Creator/3.8.4/CocosCreator.app/Contents/Resources/resources/3d/engine/editor/assets/default_renderpipeline/builtin-pipeline.ts from cce:/internal/x/prerequisite-imports as file:///Applications/Cocos/Creator/3.8.4/CocosCreator.app/Contents/Resources/resources/3d/engine/editor/assets/default_renderpipeline/builtin-pipeline.ts.
10:31:39 debug: Resolve file:///Applications/Cocos/Creator/3.8.4/CocosCreator.app/Contents/Resources/resources/3d/engine/editor/assets/tools/debug-view-runtime-control.ts from cce:/internal/x/prerequisite-imports as file:///Applications/Cocos/Creator/3.8.4/CocosCreator.app/Contents/Resources/resources/3d/engine/editor/assets/tools/debug-view-runtime-control.ts.
10:31:39 debug: Resolve file:///Users/lijian/Documents/Cocos-ScrollView/assets/scripts/ScrollItem.ts from cce:/internal/x/prerequisite-imports as file:///Users/lijian/Documents/Cocos-ScrollView/assets/scripts/ScrollItem.ts.
10:31:39 debug: Resolve file:///Users/lijian/Documents/Cocos-ScrollView/assets/scripts/ScrollView.ts from cce:/internal/x/prerequisite-imports as file:///Users/lijian/Documents/Cocos-ScrollView/assets/scripts/ScrollView.ts.
10:31:39 debug: Resolve file:///Users/lijian/Documents/Cocos-ScrollView/assets/scripts/scrollNew/ScrollHelper.ts from cce:/internal/x/prerequisite-imports as file:///Users/lijian/Documents/Cocos-ScrollView/assets/scripts/scrollNew/ScrollHelper.ts.
10:31:39 debug: Detected change: file:///Users/lijian/Documents/Cocos-ScrollView/assets/scripts/scrollNew/ScrollHelper.ts. Last mtime: Tue Jul 17 2018 06:42:50 GMT+0800 (中国标准时间)@9a26f1e2-d6c8-4f6f-b4b5-2269129c9049, Current mtime: Mon Mar 03 2025 10:31:32 GMT+0800 (中国标准时间)@9a26f1e2-d6c8-4f6f-b4b5-2269129c9049
10:31:39 debug: Inspect file:///Users/lijian/Documents/Cocos-ScrollView/assets/scripts/scrollNew/ScrollHelper.ts
10:31:39 debug: Resolve cc from file:///Users/lijian/Documents/Cocos-ScrollView/assets/scripts/scrollNew/ScrollHelper.ts as cce:/internal/x/cc.
10:31:39 debug: Resolve cc from file:///Users/lijian/Documents/Cocos-ScrollView/assets/scripts/scrollNew/ScrollHelper.ts as cce:/internal/x/cc.
10:31:39 debug: Resolve cc from file:///Users/lijian/Documents/Cocos-ScrollView/assets/scripts/scrollNew/ScrollHelper.ts as cce:/internal/x/cc.
10:31:39 debug: Target(editor) ends with cost 177.44312500953674ms.
10:31:39 debug: Target(preview) build started.
10:31:39 debug: Detected change: cce:/internal/x/prerequisite-imports. Last mtime: Thu Jan 01 1970 08:03:07 GMT+0800 (中国标准时间), Current mtime: Thu Jan 01 1970 08:15:00 GMT+0800 (中国标准时间)
10:31:39 debug: Inspect cce:/internal/x/prerequisite-imports
10:31:39 debug: Resolve file:///Applications/Cocos/Creator/3.8.4/CocosCreator.app/Contents/Resources/resources/3d/engine/editor/assets/default_renderpipeline/builtin-pipeline-settings.ts from cce:/internal/x/prerequisite-imports as file:///Applications/Cocos/Creator/3.8.4/CocosCreator.app/Contents/Resources/resources/3d/engine/editor/assets/default_renderpipeline/builtin-pipeline-settings.ts.
10:31:39 debug: Resolve file:///Applications/Cocos/Creator/3.8.4/CocosCreator.app/Contents/Resources/resources/3d/engine/editor/assets/default_renderpipeline/builtin-pipeline-types.ts from cce:/internal/x/prerequisite-imports as file:///Applications/Cocos/Creator/3.8.4/CocosCreator.app/Contents/Resources/resources/3d/engine/editor/assets/default_renderpipeline/builtin-pipeline-types.ts.
10:31:39 debug: Resolve file:///Applications/Cocos/Creator/3.8.4/CocosCreator.app/Contents/Resources/resources/3d/engine/editor/assets/default_renderpipeline/builtin-pipeline.ts from cce:/internal/x/prerequisite-imports as file:///Applications/Cocos/Creator/3.8.4/CocosCreator.app/Contents/Resources/resources/3d/engine/editor/assets/default_renderpipeline/builtin-pipeline.ts.
10:31:39 debug: Resolve file:///Applications/Cocos/Creator/3.8.4/CocosCreator.app/Contents/Resources/resources/3d/engine/editor/assets/tools/debug-view-runtime-control.ts from cce:/internal/x/prerequisite-imports as file:///Applications/Cocos/Creator/3.8.4/CocosCreator.app/Contents/Resources/resources/3d/engine/editor/assets/tools/debug-view-runtime-control.ts.
10:31:39 debug: Resolve file:///Users/lijian/Documents/Cocos-ScrollView/assets/scripts/ScrollItem.ts from cce:/internal/x/prerequisite-imports as file:///Users/lijian/Documents/Cocos-ScrollView/assets/scripts/ScrollItem.ts.
10:31:39 debug: Resolve file:///Users/lijian/Documents/Cocos-ScrollView/assets/scripts/ScrollView.ts from cce:/internal/x/prerequisite-imports as file:///Users/lijian/Documents/Cocos-ScrollView/assets/scripts/ScrollView.ts.
10:31:39 debug: Resolve file:///Users/lijian/Documents/Cocos-ScrollView/assets/scripts/scrollNew/ScrollHelper.ts from cce:/internal/x/prerequisite-imports as file:///Users/lijian/Documents/Cocos-ScrollView/assets/scripts/scrollNew/ScrollHelper.ts.
10:31:39 debug: Detected change: file:///Users/lijian/Documents/Cocos-ScrollView/assets/scripts/scrollNew/ScrollHelper.ts. Last mtime: Tue Jul 17 2018 06:42:50 GMT+0800 (中国标准时间)@9a26f1e2-d6c8-4f6f-b4b5-2269129c9049, Current mtime: Mon Mar 03 2025 10:31:32 GMT+0800 (中国标准时间)@9a26f1e2-d6c8-4f6f-b4b5-2269129c9049
10:31:39 debug: Inspect file:///Users/lijian/Documents/Cocos-ScrollView/assets/scripts/scrollNew/ScrollHelper.ts
10:31:40 debug: Resolve cc from file:///Users/lijian/Documents/Cocos-ScrollView/assets/scripts/scrollNew/ScrollHelper.ts as cce:/internal/x/cc.
10:31:40 debug: Resolve cc from file:///Users/lijian/Documents/Cocos-ScrollView/assets/scripts/scrollNew/ScrollHelper.ts as cce:/internal/x/cc.
10:31:40 debug: Resolve cc from file:///Users/lijian/Documents/Cocos-ScrollView/assets/scripts/scrollNew/ScrollHelper.ts as cce:/internal/x/cc.
10:31:40 debug: Target(preview) ends with cost 150.27537488937378ms.
10:40:54 debug: Dispatch build request for time accumulated 1 asset changes.
10:40:54 debug: Build iteration starts.
Number of accumulated asset changes: 1
Feature changed: false
10:40:54 debug: Target(editor) build started.
10:40:54 debug: Detected change: cce:/internal/x/prerequisite-imports. Last mtime: Thu Jan 01 1970 08:15:00 GMT+0800 (中国标准时间), Current mtime: Thu Jan 01 1970 08:24:15 GMT+0800 (中国标准时间)
10:40:54 debug: Inspect cce:/internal/x/prerequisite-imports
10:40:54 debug: Resolve file:///Applications/Cocos/Creator/3.8.4/CocosCreator.app/Contents/Resources/resources/3d/engine/editor/assets/default_renderpipeline/builtin-pipeline-settings.ts from cce:/internal/x/prerequisite-imports as file:///Applications/Cocos/Creator/3.8.4/CocosCreator.app/Contents/Resources/resources/3d/engine/editor/assets/default_renderpipeline/builtin-pipeline-settings.ts.
10:40:54 debug: Resolve file:///Applications/Cocos/Creator/3.8.4/CocosCreator.app/Contents/Resources/resources/3d/engine/editor/assets/default_renderpipeline/builtin-pipeline-types.ts from cce:/internal/x/prerequisite-imports as file:///Applications/Cocos/Creator/3.8.4/CocosCreator.app/Contents/Resources/resources/3d/engine/editor/assets/default_renderpipeline/builtin-pipeline-types.ts.
10:40:54 debug: Resolve file:///Applications/Cocos/Creator/3.8.4/CocosCreator.app/Contents/Resources/resources/3d/engine/editor/assets/default_renderpipeline/builtin-pipeline.ts from cce:/internal/x/prerequisite-imports as file:///Applications/Cocos/Creator/3.8.4/CocosCreator.app/Contents/Resources/resources/3d/engine/editor/assets/default_renderpipeline/builtin-pipeline.ts.
10:40:54 debug: Resolve file:///Applications/Cocos/Creator/3.8.4/CocosCreator.app/Contents/Resources/resources/3d/engine/editor/assets/tools/debug-view-runtime-control.ts from cce:/internal/x/prerequisite-imports as file:///Applications/Cocos/Creator/3.8.4/CocosCreator.app/Contents/Resources/resources/3d/engine/editor/assets/tools/debug-view-runtime-control.ts.
10:40:54 debug: Resolve file:///Users/lijian/Documents/Cocos-ScrollView/assets/scripts/ScrollItem.ts from cce:/internal/x/prerequisite-imports as file:///Users/lijian/Documents/Cocos-ScrollView/assets/scripts/ScrollItem.ts.
10:40:54 debug: Resolve file:///Users/lijian/Documents/Cocos-ScrollView/assets/scripts/ScrollView.ts from cce:/internal/x/prerequisite-imports as file:///Users/lijian/Documents/Cocos-ScrollView/assets/scripts/ScrollView.ts.
10:40:54 debug: Resolve file:///Users/lijian/Documents/Cocos-ScrollView/assets/scripts/scrollNew/ScrollHelper.ts from cce:/internal/x/prerequisite-imports as file:///Users/lijian/Documents/Cocos-ScrollView/assets/scripts/scrollNew/ScrollHelper.ts.
10:40:54 debug: Detected change: file:///Users/lijian/Documents/Cocos-ScrollView/assets/scripts/scrollNew/ScrollHelper.ts. Last mtime: Mon Mar 03 2025 10:31:32 GMT+0800 (中国标准时间)@9a26f1e2-d6c8-4f6f-b4b5-2269129c9049, Current mtime: Mon Mar 03 2025 10:40:51 GMT+0800 (中国标准时间)@9a26f1e2-d6c8-4f6f-b4b5-2269129c9049
10:40:54 debug: Inspect file:///Users/lijian/Documents/Cocos-ScrollView/assets/scripts/scrollNew/ScrollHelper.ts
10:40:54 debug: Resolve cc from file:///Users/lijian/Documents/Cocos-ScrollView/assets/scripts/scrollNew/ScrollHelper.ts as cce:/internal/x/cc.
10:40:54 debug: Resolve cc from file:///Users/lijian/Documents/Cocos-ScrollView/assets/scripts/scrollNew/ScrollHelper.ts as cce:/internal/x/cc.
10:40:54 debug: Resolve cc from file:///Users/lijian/Documents/Cocos-ScrollView/assets/scripts/scrollNew/ScrollHelper.ts as cce:/internal/x/cc.
10:40:54 debug: Target(editor) ends with cost 82.57545804977417ms.
10:40:54 debug: Target(preview) build started.
10:40:54 debug: Detected change: cce:/internal/x/prerequisite-imports. Last mtime: Thu Jan 01 1970 08:15:00 GMT+0800 (中国标准时间), Current mtime: Thu Jan 01 1970 08:24:15 GMT+0800 (中国标准时间)
10:40:54 debug: Inspect cce:/internal/x/prerequisite-imports
10:40:54 debug: Resolve file:///Applications/Cocos/Creator/3.8.4/CocosCreator.app/Contents/Resources/resources/3d/engine/editor/assets/default_renderpipeline/builtin-pipeline-settings.ts from cce:/internal/x/prerequisite-imports as file:///Applications/Cocos/Creator/3.8.4/CocosCreator.app/Contents/Resources/resources/3d/engine/editor/assets/default_renderpipeline/builtin-pipeline-settings.ts.
10:40:54 debug: Resolve file:///Applications/Cocos/Creator/3.8.4/CocosCreator.app/Contents/Resources/resources/3d/engine/editor/assets/default_renderpipeline/builtin-pipeline-types.ts from cce:/internal/x/prerequisite-imports as file:///Applications/Cocos/Creator/3.8.4/CocosCreator.app/Contents/Resources/resources/3d/engine/editor/assets/default_renderpipeline/builtin-pipeline-types.ts.
10:40:54 debug: Resolve file:///Applications/Cocos/Creator/3.8.4/CocosCreator.app/Contents/Resources/resources/3d/engine/editor/assets/default_renderpipeline/builtin-pipeline.ts from cce:/internal/x/prerequisite-imports as file:///Applications/Cocos/Creator/3.8.4/CocosCreator.app/Contents/Resources/resources/3d/engine/editor/assets/default_renderpipeline/builtin-pipeline.ts.
10:40:54 debug: Resolve file:///Applications/Cocos/Creator/3.8.4/CocosCreator.app/Contents/Resources/resources/3d/engine/editor/assets/tools/debug-view-runtime-control.ts from cce:/internal/x/prerequisite-imports as file:///Applications/Cocos/Creator/3.8.4/CocosCreator.app/Contents/Resources/resources/3d/engine/editor/assets/tools/debug-view-runtime-control.ts.
10:40:54 debug: Resolve file:///Users/lijian/Documents/Cocos-ScrollView/assets/scripts/ScrollItem.ts from cce:/internal/x/prerequisite-imports as file:///Users/lijian/Documents/Cocos-ScrollView/assets/scripts/ScrollItem.ts.
10:40:54 debug: Resolve file:///Users/lijian/Documents/Cocos-ScrollView/assets/scripts/ScrollView.ts from cce:/internal/x/prerequisite-imports as file:///Users/lijian/Documents/Cocos-ScrollView/assets/scripts/ScrollView.ts.
10:40:54 debug: Resolve file:///Users/lijian/Documents/Cocos-ScrollView/assets/scripts/scrollNew/ScrollHelper.ts from cce:/internal/x/prerequisite-imports as file:///Users/lijian/Documents/Cocos-ScrollView/assets/scripts/scrollNew/ScrollHelper.ts.
10:40:54 debug: Detected change: file:///Users/lijian/Documents/Cocos-ScrollView/assets/scripts/scrollNew/ScrollHelper.ts. Last mtime: Mon Mar 03 2025 10:31:32 GMT+0800 (中国标准时间)@9a26f1e2-d6c8-4f6f-b4b5-2269129c9049, Current mtime: Mon Mar 03 2025 10:40:51 GMT+0800 (中国标准时间)@9a26f1e2-d6c8-4f6f-b4b5-2269129c9049
10:40:54 debug: Inspect file:///Users/lijian/Documents/Cocos-ScrollView/assets/scripts/scrollNew/ScrollHelper.ts
10:40:55 debug: Resolve cc from file:///Users/lijian/Documents/Cocos-ScrollView/assets/scripts/scrollNew/ScrollHelper.ts as cce:/internal/x/cc.
10:40:55 debug: Resolve cc from file:///Users/lijian/Documents/Cocos-ScrollView/assets/scripts/scrollNew/ScrollHelper.ts as cce:/internal/x/cc.
10:40:55 debug: Resolve cc from file:///Users/lijian/Documents/Cocos-ScrollView/assets/scripts/scrollNew/ScrollHelper.ts as cce:/internal/x/cc.
10:40:55 debug: Target(preview) ends with cost 118.3046669960022ms.
10:51:49 debug: Dispatch build request for time accumulated 1 asset changes.
10:51:49 debug: Build iteration starts.
Number of accumulated asset changes: 1
Feature changed: false
10:51:49 debug: Target(editor) build started.
10:51:49 debug: Detected change: cce:/internal/x/prerequisite-imports. Last mtime: Thu Jan 01 1970 08:24:15 GMT+0800 (中国标准时间), Current mtime: Thu Jan 01 1970 08:35:10 GMT+0800 (中国标准时间)
10:51:49 debug: Inspect cce:/internal/x/prerequisite-imports
10:51:49 debug: Resolve file:///Applications/Cocos/Creator/3.8.4/CocosCreator.app/Contents/Resources/resources/3d/engine/editor/assets/default_renderpipeline/builtin-pipeline-settings.ts from cce:/internal/x/prerequisite-imports as file:///Applications/Cocos/Creator/3.8.4/CocosCreator.app/Contents/Resources/resources/3d/engine/editor/assets/default_renderpipeline/builtin-pipeline-settings.ts.
10:51:49 debug: Resolve file:///Applications/Cocos/Creator/3.8.4/CocosCreator.app/Contents/Resources/resources/3d/engine/editor/assets/default_renderpipeline/builtin-pipeline-types.ts from cce:/internal/x/prerequisite-imports as file:///Applications/Cocos/Creator/3.8.4/CocosCreator.app/Contents/Resources/resources/3d/engine/editor/assets/default_renderpipeline/builtin-pipeline-types.ts.
10:51:49 debug: Resolve file:///Applications/Cocos/Creator/3.8.4/CocosCreator.app/Contents/Resources/resources/3d/engine/editor/assets/default_renderpipeline/builtin-pipeline.ts from cce:/internal/x/prerequisite-imports as file:///Applications/Cocos/Creator/3.8.4/CocosCreator.app/Contents/Resources/resources/3d/engine/editor/assets/default_renderpipeline/builtin-pipeline.ts.
10:51:49 debug: Resolve file:///Applications/Cocos/Creator/3.8.4/CocosCreator.app/Contents/Resources/resources/3d/engine/editor/assets/tools/debug-view-runtime-control.ts from cce:/internal/x/prerequisite-imports as file:///Applications/Cocos/Creator/3.8.4/CocosCreator.app/Contents/Resources/resources/3d/engine/editor/assets/tools/debug-view-runtime-control.ts.
10:51:49 debug: Resolve file:///Users/lijian/Documents/Cocos-ScrollView/assets/scripts/ScrollItem.ts from cce:/internal/x/prerequisite-imports as file:///Users/lijian/Documents/Cocos-ScrollView/assets/scripts/ScrollItem.ts.
10:51:49 debug: Resolve file:///Users/lijian/Documents/Cocos-ScrollView/assets/scripts/ScrollView.ts from cce:/internal/x/prerequisite-imports as file:///Users/lijian/Documents/Cocos-ScrollView/assets/scripts/ScrollView.ts.
10:51:49 debug: Resolve file:///Users/lijian/Documents/Cocos-ScrollView/assets/scripts/scrollNew/ScrollHelper.ts from cce:/internal/x/prerequisite-imports as file:///Users/lijian/Documents/Cocos-ScrollView/assets/scripts/scrollNew/ScrollHelper.ts.
10:51:49 debug: Detected change: file:///Users/lijian/Documents/Cocos-ScrollView/assets/scripts/scrollNew/ScrollHelper.ts. Last mtime: Mon Mar 03 2025 10:40:51 GMT+0800 (中国标准时间)@9a26f1e2-d6c8-4f6f-b4b5-2269129c9049, Current mtime: Mon Mar 03 2025 10:51:42 GMT+0800 (中国标准时间)@9a26f1e2-d6c8-4f6f-b4b5-2269129c9049
10:51:49 debug: Inspect file:///Users/lijian/Documents/Cocos-ScrollView/assets/scripts/scrollNew/ScrollHelper.ts
10:51:49 debug: Resolve cc from file:///Users/lijian/Documents/Cocos-ScrollView/assets/scripts/scrollNew/ScrollHelper.ts as cce:/internal/x/cc.
10:51:49 debug: Resolve cc from file:///Users/lijian/Documents/Cocos-ScrollView/assets/scripts/scrollNew/ScrollHelper.ts as cce:/internal/x/cc.
10:51:49 debug: Resolve cc from file:///Users/lijian/Documents/Cocos-ScrollView/assets/scripts/scrollNew/ScrollHelper.ts as cce:/internal/x/cc.
10:51:49 debug: Target(editor) ends with cost 170.81329083442688ms.
10:51:49 debug: Target(preview) build started.
10:51:49 debug: Detected change: cce:/internal/x/prerequisite-imports. Last mtime: Thu Jan 01 1970 08:24:15 GMT+0800 (中国标准时间), Current mtime: Thu Jan 01 1970 08:35:10 GMT+0800 (中国标准时间)
10:51:49 debug: Inspect cce:/internal/x/prerequisite-imports
10:51:49 debug: Resolve file:///Applications/Cocos/Creator/3.8.4/CocosCreator.app/Contents/Resources/resources/3d/engine/editor/assets/default_renderpipeline/builtin-pipeline-settings.ts from cce:/internal/x/prerequisite-imports as file:///Applications/Cocos/Creator/3.8.4/CocosCreator.app/Contents/Resources/resources/3d/engine/editor/assets/default_renderpipeline/builtin-pipeline-settings.ts.
10:51:49 debug: Resolve file:///Applications/Cocos/Creator/3.8.4/CocosCreator.app/Contents/Resources/resources/3d/engine/editor/assets/default_renderpipeline/builtin-pipeline-types.ts from cce:/internal/x/prerequisite-imports as file:///Applications/Cocos/Creator/3.8.4/CocosCreator.app/Contents/Resources/resources/3d/engine/editor/assets/default_renderpipeline/builtin-pipeline-types.ts.
10:51:49 debug: Resolve file:///Applications/Cocos/Creator/3.8.4/CocosCreator.app/Contents/Resources/resources/3d/engine/editor/assets/default_renderpipeline/builtin-pipeline.ts from cce:/internal/x/prerequisite-imports as file:///Applications/Cocos/Creator/3.8.4/CocosCreator.app/Contents/Resources/resources/3d/engine/editor/assets/default_renderpipeline/builtin-pipeline.ts.
10:51:49 debug: Resolve file:///Applications/Cocos/Creator/3.8.4/CocosCreator.app/Contents/Resources/resources/3d/engine/editor/assets/tools/debug-view-runtime-control.ts from cce:/internal/x/prerequisite-imports as file:///Applications/Cocos/Creator/3.8.4/CocosCreator.app/Contents/Resources/resources/3d/engine/editor/assets/tools/debug-view-runtime-control.ts.
10:51:49 debug: Resolve file:///Users/lijian/Documents/Cocos-ScrollView/assets/scripts/ScrollItem.ts from cce:/internal/x/prerequisite-imports as file:///Users/lijian/Documents/Cocos-ScrollView/assets/scripts/ScrollItem.ts.
10:51:49 debug: Resolve file:///Users/lijian/Documents/Cocos-ScrollView/assets/scripts/ScrollView.ts from cce:/internal/x/prerequisite-imports as file:///Users/lijian/Documents/Cocos-ScrollView/assets/scripts/ScrollView.ts.
10:51:49 debug: Resolve file:///Users/lijian/Documents/Cocos-ScrollView/assets/scripts/scrollNew/ScrollHelper.ts from cce:/internal/x/prerequisite-imports as file:///Users/lijian/Documents/Cocos-ScrollView/assets/scripts/scrollNew/ScrollHelper.ts.
10:51:49 debug: Detected change: file:///Users/lijian/Documents/Cocos-ScrollView/assets/scripts/scrollNew/ScrollHelper.ts. Last mtime: Mon Mar 03 2025 10:40:51 GMT+0800 (中国标准时间)@9a26f1e2-d6c8-4f6f-b4b5-2269129c9049, Current mtime: Mon Mar 03 2025 10:51:42 GMT+0800 (中国标准时间)@9a26f1e2-d6c8-4f6f-b4b5-2269129c9049
10:51:49 debug: Inspect file:///Users/lijian/Documents/Cocos-ScrollView/assets/scripts/scrollNew/ScrollHelper.ts
10:51:49 debug: Resolve cc from file:///Users/lijian/Documents/Cocos-ScrollView/assets/scripts/scrollNew/ScrollHelper.ts as cce:/internal/x/cc.
10:51:49 debug: Resolve cc from file:///Users/lijian/Documents/Cocos-ScrollView/assets/scripts/scrollNew/ScrollHelper.ts as cce:/internal/x/cc.
10:51:49 debug: Resolve cc from file:///Users/lijian/Documents/Cocos-ScrollView/assets/scripts/scrollNew/ScrollHelper.ts as cce:/internal/x/cc.
10:51:49 debug: Target(preview) ends with cost 376.875207901001ms.
11:00:17 debug: Dispatch build request for time accumulated 1 asset changes.
11:00:17 debug: Build iteration starts.
Number of accumulated asset changes: 1
Feature changed: false
11:00:17 debug: Target(editor) build started.
11:00:17 debug: Detected change: cce:/internal/x/prerequisite-imports. Last mtime: Thu Jan 01 1970 08:35:10 GMT+0800 (中国标准时间), Current mtime: Thu Jan 01 1970 08:43:38 GMT+0800 (中国标准时间)
11:00:17 debug: Inspect cce:/internal/x/prerequisite-imports
11:00:17 debug: Resolve file:///Applications/Cocos/Creator/3.8.4/CocosCreator.app/Contents/Resources/resources/3d/engine/editor/assets/default_renderpipeline/builtin-pipeline-settings.ts from cce:/internal/x/prerequisite-imports as file:///Applications/Cocos/Creator/3.8.4/CocosCreator.app/Contents/Resources/resources/3d/engine/editor/assets/default_renderpipeline/builtin-pipeline-settings.ts.
11:00:17 debug: Resolve file:///Applications/Cocos/Creator/3.8.4/CocosCreator.app/Contents/Resources/resources/3d/engine/editor/assets/default_renderpipeline/builtin-pipeline-types.ts from cce:/internal/x/prerequisite-imports as file:///Applications/Cocos/Creator/3.8.4/CocosCreator.app/Contents/Resources/resources/3d/engine/editor/assets/default_renderpipeline/builtin-pipeline-types.ts.
11:00:17 debug: Resolve file:///Applications/Cocos/Creator/3.8.4/CocosCreator.app/Contents/Resources/resources/3d/engine/editor/assets/default_renderpipeline/builtin-pipeline.ts from cce:/internal/x/prerequisite-imports as file:///Applications/Cocos/Creator/3.8.4/CocosCreator.app/Contents/Resources/resources/3d/engine/editor/assets/default_renderpipeline/builtin-pipeline.ts.
11:00:17 debug: Resolve file:///Applications/Cocos/Creator/3.8.4/CocosCreator.app/Contents/Resources/resources/3d/engine/editor/assets/tools/debug-view-runtime-control.ts from cce:/internal/x/prerequisite-imports as file:///Applications/Cocos/Creator/3.8.4/CocosCreator.app/Contents/Resources/resources/3d/engine/editor/assets/tools/debug-view-runtime-control.ts.
11:00:17 debug: Resolve file:///Users/lijian/Documents/Cocos-ScrollView/assets/scripts/ScrollItem.ts from cce:/internal/x/prerequisite-imports as file:///Users/lijian/Documents/Cocos-ScrollView/assets/scripts/ScrollItem.ts.
11:00:17 debug: Resolve file:///Users/lijian/Documents/Cocos-ScrollView/assets/scripts/ScrollView.ts from cce:/internal/x/prerequisite-imports as file:///Users/lijian/Documents/Cocos-ScrollView/assets/scripts/ScrollView.ts.
11:00:17 debug: Resolve file:///Users/lijian/Documents/Cocos-ScrollView/assets/scripts/scrollNew/ScrollHelper.ts from cce:/internal/x/prerequisite-imports as file:///Users/lijian/Documents/Cocos-ScrollView/assets/scripts/scrollNew/ScrollHelper.ts.
11:00:17 debug: Detected change: file:///Users/lijian/Documents/Cocos-ScrollView/assets/scripts/scrollNew/ScrollHelper.ts. Last mtime: Mon Mar 03 2025 10:51:42 GMT+0800 (中国标准时间)@9a26f1e2-d6c8-4f6f-b4b5-2269129c9049, Current mtime: Mon Mar 03 2025 11:00:15 GMT+0800 (中国标准时间)@9a26f1e2-d6c8-4f6f-b4b5-2269129c9049
11:00:17 debug: Inspect file:///Users/lijian/Documents/Cocos-ScrollView/assets/scripts/scrollNew/ScrollHelper.ts
11:00:17 debug: Resolve cc from file:///Users/lijian/Documents/Cocos-ScrollView/assets/scripts/scrollNew/ScrollHelper.ts as cce:/internal/x/cc.
11:00:17 debug: Resolve cc from file:///Users/lijian/Documents/Cocos-ScrollView/assets/scripts/scrollNew/ScrollHelper.ts as cce:/internal/x/cc.
11:00:17 debug: Resolve cc from file:///Users/lijian/Documents/Cocos-ScrollView/assets/scripts/scrollNew/ScrollHelper.ts as cce:/internal/x/cc.
11:00:17 debug: Target(editor) ends with cost 132.86937499046326ms.
11:00:17 debug: Target(preview) build started.
11:00:17 debug: Detected change: cce:/internal/x/prerequisite-imports. Last mtime: Thu Jan 01 1970 08:35:10 GMT+0800 (中国标准时间), Current mtime: Thu Jan 01 1970 08:43:38 GMT+0800 (中国标准时间)
11:00:17 debug: Inspect cce:/internal/x/prerequisite-imports
11:00:17 debug: Resolve file:///Applications/Cocos/Creator/3.8.4/CocosCreator.app/Contents/Resources/resources/3d/engine/editor/assets/default_renderpipeline/builtin-pipeline-settings.ts from cce:/internal/x/prerequisite-imports as file:///Applications/Cocos/Creator/3.8.4/CocosCreator.app/Contents/Resources/resources/3d/engine/editor/assets/default_renderpipeline/builtin-pipeline-settings.ts.
11:00:17 debug: Resolve file:///Applications/Cocos/Creator/3.8.4/CocosCreator.app/Contents/Resources/resources/3d/engine/editor/assets/default_renderpipeline/builtin-pipeline-types.ts from cce:/internal/x/prerequisite-imports as file:///Applications/Cocos/Creator/3.8.4/CocosCreator.app/Contents/Resources/resources/3d/engine/editor/assets/default_renderpipeline/builtin-pipeline-types.ts.
11:00:17 debug: Resolve file:///Applications/Cocos/Creator/3.8.4/CocosCreator.app/Contents/Resources/resources/3d/engine/editor/assets/default_renderpipeline/builtin-pipeline.ts from cce:/internal/x/prerequisite-imports as file:///Applications/Cocos/Creator/3.8.4/CocosCreator.app/Contents/Resources/resources/3d/engine/editor/assets/default_renderpipeline/builtin-pipeline.ts.
11:00:17 debug: Resolve file:///Applications/Cocos/Creator/3.8.4/CocosCreator.app/Contents/Resources/resources/3d/engine/editor/assets/tools/debug-view-runtime-control.ts from cce:/internal/x/prerequisite-imports as file:///Applications/Cocos/Creator/3.8.4/CocosCreator.app/Contents/Resources/resources/3d/engine/editor/assets/tools/debug-view-runtime-control.ts.
11:00:17 debug: Resolve file:///Users/lijian/Documents/Cocos-ScrollView/assets/scripts/ScrollItem.ts from cce:/internal/x/prerequisite-imports as file:///Users/lijian/Documents/Cocos-ScrollView/assets/scripts/ScrollItem.ts.
11:00:17 debug: Resolve file:///Users/lijian/Documents/Cocos-ScrollView/assets/scripts/ScrollView.ts from cce:/internal/x/prerequisite-imports as file:///Users/lijian/Documents/Cocos-ScrollView/assets/scripts/ScrollView.ts.
11:00:17 debug: Resolve file:///Users/lijian/Documents/Cocos-ScrollView/assets/scripts/scrollNew/ScrollHelper.ts from cce:/internal/x/prerequisite-imports as file:///Users/lijian/Documents/Cocos-ScrollView/assets/scripts/scrollNew/ScrollHelper.ts.
11:00:17 debug: Detected change: file:///Users/lijian/Documents/Cocos-ScrollView/assets/scripts/scrollNew/ScrollHelper.ts. Last mtime: Mon Mar 03 2025 10:51:42 GMT+0800 (中国标准时间)@9a26f1e2-d6c8-4f6f-b4b5-2269129c9049, Current mtime: Mon Mar 03 2025 11:00:15 GMT+0800 (中国标准时间)@9a26f1e2-d6c8-4f6f-b4b5-2269129c9049
11:00:17 debug: Inspect file:///Users/lijian/Documents/Cocos-ScrollView/assets/scripts/scrollNew/ScrollHelper.ts
11:00:17 debug: Resolve cc from file:///Users/lijian/Documents/Cocos-ScrollView/assets/scripts/scrollNew/ScrollHelper.ts as cce:/internal/x/cc.
11:00:17 debug: Resolve cc from file:///Users/lijian/Documents/Cocos-ScrollView/assets/scripts/scrollNew/ScrollHelper.ts as cce:/internal/x/cc.
11:00:17 debug: Resolve cc from file:///Users/lijian/Documents/Cocos-ScrollView/assets/scripts/scrollNew/ScrollHelper.ts as cce:/internal/x/cc.
11:00:17 debug: Target(preview) ends with cost 104.07945799827576ms.
